<?xml version="1.0" encoding="UTF-8"?>
<testsuite name="Scenario: Reseting after incrementing with several values" tests="5" skipped="2" failures="0" errors="0" timestamp="2017-04-01T16:10:25" hostname="dhcp-asv-76" time="0.009">
  <properties/>
  <testcase name="Given Counter is initialized" classname="Scenario: Reseting after incrementing with several values" time="0.0"/>
  <testcase name="When it is incremented by 5" classname="Scenario: Reseting after incrementing with several values" time="0.0"/>
  <testcase name="And it is reseted" classname="Scenario: Reseting after incrementing with several values" time="0.0">
    <skipped/>
  </testcase>
  <testcase name="Then the value should be 0" classname="Scenario: Reseting after incrementing with several values" time="0.001">
    <skipped/>
  </testcase>
  <testcase name="classMethod" classname="Scenario: Reseting after incrementing with several values" time="0.011"/>
  <system-out><![CDATA[
  Scenario: Reseting after one increment ?[90m# ohtu/resetingCounter.feature:3?[0m
    ?[32mGiven ?[0m?[32mCounter is initialized?[0m         ?[90m# Stepdefs.counter_is_initialized()?[0m
    ?[32mWhen ?[0m?[32mit is incremented?[0m               ?[90m# Stepdefs.it_is_incremented()?[0m
    ?[33mAnd ?[0m?[33mit is reseted?[0m
    ?[36mThen ?[0m?[36mthe value should be ?[0m?[36m?[1m0?[0m           ?[90m# Stepdefs.the_value_should_be(int)?[0m
]]></system-out>
  <system-err><![CDATA[]]></system-err>
</testsuite>
