<?xml version="1.0" encoding="UTF-8"?>
<testsuite name="KauppaTest" tests="6" skipped="0" failures="0" errors="0" timestamp="2017-04-19T11:25:51" hostname="dhcp-asv-76" time="0.451">
  <properties/>
  <testcase name="ostoksenPaatyttyaPankinMetodiaTilisiirtoKutsutaanOikeillaParametrienArvoilla" classname="KauppaTest" time="0.442"/>
  <testcase name="pyydetaanUusiViiteJokaiseenMaksuun" classname="KauppaTest" time="0.001"/>
  <testcase name="kahdenEriTuotteenTapauksessaPankinMetodiaTilisiirtoKutsutaanOikeillaParametrienArvoilla" classname="KauppaTest" time="0.001"/>
  <testcase name="kahdenEriTuotteenTapauksessaToisenOllessaLoppuPankinMetodiaTilisiirtoKutsutaanOikeillaParametrienArvoilla" classname="KauppaTest" time="0.002"/>
  <testcase name="kahdenSamanTuotteenTapauksessaPankinMetodiaTilisiirtoKutsutaanOikeillaParametrienArvoilla" classname="KauppaTest" time="0.003"/>
  <testcase name="kaupanAloitaAsioitiMetodiNollaaEdellisenOstoksenTiedot" classname="KauppaTest" time="0.001"/>
  <system-out><![CDATA[]]></system-out>
  <system-err><![CDATA[]]></system-err>
</testsuite>
