<?xml version="1.0" encoding="UTF-8"?>
<testsuite name="ohtu.verkkokauppa.KauppaTest" tests="7" skipped="0" failures="0" errors="0" timestamp="2017-04-23T20:39:07" hostname="Tsernobyl" time="0.296">
  <properties/>
  <testcase name="tilisiirtoaKutsutaanOikeillaTiedoillaKaksiSamaatuotetta" classname="ohtu.verkkokauppa.KauppaTest" time="0.291"/>
  <testcase name="kauppaPyytääViitenumeronJokaiselleMaksutapahtumalle" classname="ohtu.verkkokauppa.KauppaTest" time="0.001"/>
  <testcase name="ostoksenPaaytyttyaPankinMetodiaTilisiirtoKutsutaan" classname="ohtu.verkkokauppa.KauppaTest" time="0.001"/>
  <testcase name="tilisiirtoaKutsutaanOikeillaTiedoillaTuoteLoppuu" classname="ohtu.verkkokauppa.KauppaTest" time="0.001"/>
  <testcase name="asioinninAloittaminenNollaaTiedot" classname="ohtu.verkkokauppa.KauppaTest" time="0.001"/>
  <testcase name="tilisiirtoaKutsutaanOikeillaTiedoilla" classname="ohtu.verkkokauppa.KauppaTest" time="0.0"/>
  <testcase name="tilisiirtoaKutsutaanOikeillaTiedoillaKaksiTuotetta" classname="ohtu.verkkokauppa.KauppaTest" time="0.001"/>
  <system-out><![CDATA[]]></system-out>
  <system-err><![CDATA[]]></system-err>
</testsuite>
