<?xml version="1.0" encoding="UTF-8"?>
<testsuite name="ohtuesimerkki.StatisticsTest" tests="4" skipped="0" failures="0" errors="0" timestamp="2017-03-24T13:39:57" hostname="dhcp-asv-98" time="0.008">
  <properties/>
  <testcase name="toimiikoSearchJosEiLoydy" classname="ohtuesimerkki.StatisticsTest" time="0.005"/>
  <testcase name="toimiikoTopScores" classname="ohtuesimerkki.StatisticsTest" time="0.0"/>
  <testcase name="toimiikoSearchJosLoytyy" classname="ohtuesimerkki.StatisticsTest" time="0.001"/>
  <testcase name="toimiikoTeam" classname="ohtuesimerkki.StatisticsTest" time="0.002"/>
  <system-out><![CDATA[]]></system-out>
  <system-err><![CDATA[]]></system-err>
</testsuite>
