<?xml version="1.0" encoding="UTF-8"?>
<testsuite name="ohtuesimerkki.StatisticsTest" tests="3" skipped="0" failures="0" errors="0" timestamp="2017-03-23T09:38:16" hostname="Kasimir-Aula.local" time="0.057">
  <properties/>
  <testcase name="testTeam" classname="ohtuesimerkki.StatisticsTest" time="0.037"/>
  <testcase name="testTopScorers" classname="ohtuesimerkki.StatisticsTest" time="0.003"/>
  <testcase name="testSearch" classname="ohtuesimerkki.StatisticsTest" time="0.0"/>
  <system-out><![CDATA[]]></system-out>
  <system-err><![CDATA[]]></system-err>
</testsuite>
