<?xml version="1.0" encoding="UTF-8"?>
<testsuite name="ohtu.RunCukesTest" tests="0" skipped="0" failures="0" errors="0" timestamp="1970-01-01T00:00:00" hostname="EeroKalajasMBP.homenet.telecomitalia.it" time="0.0">
  <properties/>
  <system-out><![CDATA[Feature: As a user I want to be able to increase the counter value

  Scenario: Increment many times ?[90m# ohtu/increasingCounter.feature:13?[0m
    ?[32mGiven ?[0m?[32mCounter is initialized?[0m ?[90m# Stepdefs.counter_is_initialized()?[0m
    ?[32mWhen ?[0m?[32mit is incremented?[0m       ?[90m# Stepdefs.it_is_incremented()?[0m
    ?[32mAnd ?[0m?[32mit is incremented?[0m        ?[90m# Stepdefs.it_is_incremented()?[0m
    ?[32mAnd ?[0m?[32mit is incremented?[0m        ?[90m# Stepdefs.it_is_incremented()?[0m
    ?[32mThen ?[0m?[32mthe value should be ?[0m?[32m?[1m3?[0m   ?[90m# Stepdefs.the_value_should_be(int)?[0m
Feature: As a user I want to be able to set the counter to value zero

  Scenario: Reseting after incrementing with several values ?[90m# ohtu/resetingCounter.feature:9?[0m
    ?[32mGiven ?[0m?[32mCounter is initialized?[0m                            ?[90m# Stepdefs.counter_is_initialized()?[0m
    ?[32mWhen ?[0m?[32mit is incremented by ?[0m?[32m?[1m5?[0m                             ?[90m# Stepdefs.it_is_incremented_by(int)?[0m
    ?[32mAnd ?[0m?[32mit is reseted?[0m                                       ?[90m# Stepdefs.it_is_reseted()?[0m
    ?[32mThen ?[0m?[32mthe value should be ?[0m?[32m?[1m0?[0m                              ?[90m# Stepdefs.the_value_should_be(int)?[0m

5 Scenarios (?[32m5 passed?[0m)
19 Steps (?[32m19 passed?[0m)
0m0.205s

]]></system-out>
  <system-err><![CDATA[]]></system-err>
</testsuite>
