<?xml version="1.0" encoding="UTF-8"?>
<testsuite name="ohtu.lyyrakortti.KassapaateTest" tests="4" skipped="0" failures="0" errors="0" timestamp="2017-04-22T08:18:13" hostname="fuxi16" time="0.311">
  <properties/>
  <testcase name="kortiltaVelotetaanHintaJosRahaaOn" classname="ohtu.lyyrakortti.KassapaateTest" time="0.309"/>
  <testcase name="kortilleLadataanRahaaJosSummaPositiivinen" classname="ohtu.lyyrakortti.KassapaateTest" time="0.001"/>
  <testcase name="kortilleEiLadataRahaaJosSummaNegatiivinen" classname="ohtu.lyyrakortti.KassapaateTest" time="0.001"/>
  <testcase name="kortiltaEiVelotetaJosRahaEiRiita" classname="ohtu.lyyrakortti.KassapaateTest" time="0.0"/>
  <system-out><![CDATA[]]></system-out>
  <system-err><![CDATA[]]></system-err>
</testsuite>
