<?xml version="1.0" encoding="UTF-8"?>
<testsuite name="ohtuesimerkki.StatisticsTest" tests="5" skipped="0" failures="0" errors="0" timestamp="2017-03-26T14:39:15" hostname="fuxi16" time="0.009">
  <properties/>
  <testcase name="topScorersToimii" classname="ohtuesimerkki.StatisticsTest" time="0.005"/>
  <testcase name="teamSearchPalauttaaTyhjanListan" classname="ohtuesimerkki.StatisticsTest" time="0.001"/>
  <testcase name="searchPalauttaaNullinJosEiLoyda" classname="ohtuesimerkki.StatisticsTest" time="0.0"/>
  <testcase name="teamSearchToimii" classname="ohtuesimerkki.StatisticsTest" time="0.001"/>
  <testcase name="searchToimii" classname="ohtuesimerkki.StatisticsTest" time="0.001"/>
  <system-out><![CDATA[]]></system-out>
  <system-err><![CDATA[]]></system-err>
</testsuite>
