<?xml version="1.0" encoding="UTF-8"?>
<testsuite name="ohtu.lyyrakortti.KassapaateTest" tests="4" skipped="0" failures="0" errors="0" timestamp="2017-04-19T10:25:32" hostname="dhcp-asv-76" time="0.347">
  <properties/>
  <testcase name="kassapäätteelläLatausKutsuuKortinLataaMetodiaJosLadattavaPositiivinen" classname="ohtu.lyyrakortti.KassapaateTest" time="0.342"/>
  <testcase name="kortiltaVelotetaanHintaJosRahaaOn" classname="ohtu.lyyrakortti.KassapaateTest" time="0.003"/>
  <testcase name="kortinLataaMetodiaEiKutsutaJosLadattavaNegatiivinen" classname="ohtu.lyyrakortti.KassapaateTest" time="0.0"/>
  <testcase name="kortiltaEiVelotetaJosRahaEiRiita" classname="ohtu.lyyrakortti.KassapaateTest" time="0.0"/>
  <system-out><![CDATA[]]></system-out>
  <system-err><![CDATA[]]></system-err>
</testsuite>
